Computing steady-state temperatures...
Parsing input files...
Creating thermal circuit...
Simulation complete.
Parsing input files...
Creating thermal circuit...
Computing temperatures for t = 0.000000e+00...
Computing temperatures for t = 1.000000e-02...
Computing temperatures for t = 2.000000e-02...
Computing temperatures for t = 3.000000e-02...
Computing temperatures for t = 4.000000e-02...
Computing temperatures for t = 5.000000e-02...
Computing temperatures for t = 6.000000e-02...
Computing temperatures for t = 7.000000e-02...
Computing temperatures for t = 8.000000e-02...
Computing temperatures for t = 9.000000e-02...
Computing temperatures for t = 1.000000e-01...
Computing temperatures for t = 1.100000e-01...
Computing temperatures for t = 1.200000e-01...
Computing temperatures for t = 1.300000e-01...
Computing temperatures for t = 1.400000e-01...
Computing temperatures for t = 1.500000e-01...
Computing temperatures for t = 1.600000e-01...
Computing temperatures for t = 1.700000e-01...
Computing temperatures for t = 1.800000e-01...
Computing temperatures for t = 1.900000e-01...
Computing temperatures for t = 2.000000e-01...
Computing temperatures for t = 2.100000e-01...
Computing temperatures for t = 2.200000e-01...
Computing temperatures for t = 2.300000e-01...
Computing temperatures for t = 2.400000e-01...
Computing temperatures for t = 2.500000e-01...
Computing temperatures for t = 2.600000e-01...
Computing temperatures for t = 2.700000e-01...
Computing temperatures for t = 2.800000e-01...
Computing temperatures for t = 2.900000e-01...
Computing temperatures for t = 3.000000e-01...
Computing temperatures for t = 3.100000e-01...
Computing temperatures for t = 3.200000e-01...
Computing temperatures for t = 3.300000e-01...
Computing temperatures for t = 3.400000e-01...
Computing temperatures for t = 3.500000e-01...
Computing temperatures for t = 3.600000e-01...
Computing temperatures for t = 3.700000e-01...
Computing temperatures for t = 3.800000e-01...
Computing temperatures for t = 3.900000e-01...
Computing temperatures for t = 4.000000e-01...
Computing temperatures for t = 4.100000e-01...
Computing temperatures for t = 4.200000e-01...
Computing temperatures for t = 4.300000e-01...
Computing temperatures for t = 4.400000e-01...
Computing temperatures for t = 4.500000e-01...
Computing temperatures for t = 4.600000e-01...
Computing temperatures for t = 4.700000e-01...
Computing temperatures for t = 4.800000e-01...
Computing temperatures for t = 4.900000e-01...
Computing temperatures for t = 5.000000e-01...
Computing temperatures for t = 5.100000e-01...
Computing temperatures for t = 5.200000e-01...
Computing temperatures for t = 5.300000e-01...
Computing temperatures for t = 5.400000e-01...
Computing temperatures for t = 5.500000e-01...
Computing temperatures for t = 5.600000e-01...
Computing temperatures for t = 5.700000e-01...
Computing temperatures for t = 5.800000e-01...
Computing temperatures for t = 5.900000e-01...
Computing temperatures for t = 6.000000e-01...
Computing temperatures for t = 6.100000e-01...
Computing temperatures for t = 6.200000e-01...
Computing temperatures for t = 6.300000e-01...
Computing temperatures for t = 6.400000e-01...
Computing temperatures for t = 6.500000e-01...
Computing temperatures for t = 6.600000e-01...
Computing temperatures for t = 6.700000e-01...
Computing temperatures for t = 6.800000e-01...
Computing temperatures for t = 6.900000e-01...
Computing temperatures for t = 7.000000e-01...
Computing temperatures for t = 7.100000e-01...
Computing temperatures for t = 7.200000e-01...
Computing temperatures for t = 7.300000e-01...
Computing temperatures for t = 7.400000e-01...
Computing temperatures for t = 7.500000e-01...
Computing temperatures for t = 7.600000e-01...
Computing temperatures for t = 7.700000e-01...
Computing temperatures for t = 7.800000e-01...
Computing temperatures for t = 7.900000e-01...
Computing temperatures for t = 8.000000e-01...
Computing temperatures for t = 8.100000e-01...
Computing temperatures for t = 8.200000e-01...
Computing temperatures for t = 8.300000e-01...
Computing temperatures for t = 8.400000e-01...
Computing temperatures for t = 8.500000e-01...
ComComputing steady-state temperatures...
puting temperatures for t = 8.600000e-01...
Computing temperatures for t = 8.700000e-01...
Computing temperatures for t = 8.800000e-01...
Computing temperatures for t = 8.900000e-01...
Computing temperatures for t = 9.000000e-01...
Computing temperatures for t = 9.100000e-01...
Computing temperatures for t = 9.200000e-01...
Computing temperatures for t = 9.300000e-01...
Computing temperatures for t = 9.400000e-01...
Computing temperatures for t = 9.500000e-01...
Computing temperatures for t = 9.600000e-01...
Computing temperatures for t = 9.700000e-01...
Computing temperatures for t = 9.800000e-01...
Simulation complete.
QStandardPaths: XDG_RUNTIME_DIR not set, defaulting to '/tmp/runtime-root'
QStandardPaths: XDG_RUNTIME_DIR not set, defaulting to '/tmp/runtime-root'
warning: overlap of functional blocks?
warning: overlap of functional blocks?
warning: overlap of functional blocks?
warning: overlap of functional blocks?
warning: overlap of functional blocks?
warning: overlap of functional blocks?
warning: overlap of functional blocks?
warning: overlap of functional blocks?
warning: overlap of functional blocks?
warning: overlap of functional blocks?
warning: overlap of functional blocks?
warning: overlap of functional blocks?
warning: overlap of functional blocks?
warning: overlap of functional blocks?
warning: overlap of functional blocks?
warning: overlap of functional blocks?
warning: overlap of functional blocks?
warning: overlap of functional blocks?
warning: overlap of functional blocks?
warning: overlap of functional blocks?
warning: overlap of functional blocks?
warning: overlap of functional blocks?
warning: overlap of functional blocks?
warning: overlap of functional blocks?
warning: overlap of functional blocks?
warning: overlap of functional blocks?
warning: overlap of functional blocks?
warning: overlap of functional blocks?
warning: overlap of functional blocks?
warning: overlap of functional blocks?
warning: overlap of functional blocks?
warning: overlap of functional blocks?
warning: overlap of functional blocks?
warning: overlap of functional blocks?
warning: overlap of functional blocks?
warning: overlap of functional blocks?
warning: overlap of functional blocks?
warning: overlap of functional blocks?
warning: overlap of functional blocks?
warning: overlap of functional blocks?
warning: overlap of functional blocks?
warning: overlap of functional blocks?
warning: overlap of functional blocks?
warning: overlap of functional blocks?
warning: overlap of functional blocks?
warning: overlap of functional blocks?
warning: overlap of functional blocks?
warning: overlap of functional blocks?
warning: overlap of functional blocks?
warning: overlap of functional blocks?
warning: overlap of functional blocks?
warning: overlap of functional blocks?
warning: overlap of functional blocks?
warning: overlap of functional blocks?
warning: overlap of functional blocks?
warning: overlap of functional blocks?
warning: overlap of functional blocks?
warning: overlap of functional blocks?
warning: overlap of functional blocks?
warning: overlap of functional blocks?
warning: overlap of functional blocks?
warning: overlap of functional blocks?
warning: overlap of functional blocks?
warning: overlap of functional blocks?
warning: overlap of functional blocks?
warning: overlap of functional blocks?
warning: overlap of functional blocks?
warning: overlap of functional blocks?
warning: overlap of functional blocks?
warning: overlap of functional blocks?
warning: overlap of functional blocks?
warning: overlap of functional blocks?
warning: overlap of functional blocks?
warning: overlap of functional blocks?
warning: overlap of functional blocks?
warning: overlap of functional blocks?
warning: overlap of functional blocks?
warning: overlap of functional blocks?
warning: overlap of functional blocks?
warning: overlap of functional blocks?
warning: overlap of functional blocks?
warning: overlap of functional blocks?
warning: overlap of functional blocks?
warning: overlap of functional blocks?
warning: overlap of functional blocks?
warning: overlap of functional blocks?
warning: overlap of functional blocks?
warning: overlap of functional blocks?
warning: overlap of functional blocks?
warning: overlap of functional blocks?
warning: overlap of functional blocks?
warning: overlap of functional blocks?
warning: overlap of functional blocks?
warning: overlap of functional blocks?
warning: overlap of functional blocks?
warning: overlap of functional blocks?
warning: overlap of functional blocks?
warning: overlap of functional blocks?
warning: overlap of functional blocks?
warning: overlap of functional blocks?
warning: overlap of functional blocks?
warning: overlap of functional blocks?
warning: overlap of functional blocks?
warning: overlap of functional blocks?
warning: overlap of functional blocks?
warning: overlap of functional blocks?
warning: overlap of functional blocks?
warning: overlap of functional blocks?
warning: overlap of functional blocks?
warning: overlap of functional blocks?
warning: overlap of functional blocks?
warning: overlap of functional blocks?
warning: overlap of functional blocks?
warning: overlap of functional blocks?
warning: overlap of functional blocks?
warning: overlap of functional blocks?
warning: overlap of functional blocks?
warning: overlap of functional blocks?
warning: overlap of functional blocks?
warning: overlap of functional blocks?
Computing steady-state temperatures...
Parsing input files...
Creating thermal circuit...
Simulation complete.
warning: overlap of functional blocks?
warning: overlap of functional blocks?
warning: overlap of functional blocks?
warning: overlap of functional blocks?
warning: overlap of functional blocks?
warning: overlap of functional blocks?
warning: overlap of functional blocks?
warning: overlap of functional blocks?
warning: overlap of functional blocks?
warning: overlap of functional blocks?
warning: overlap of functional blocks?
warning: overlap of functional blocks?
warning: overlap of functional blocks?
warning: overlap of functional blocks?
warning: overlap of functional blocks?
warning: overlap of functional blocks?
warning: overlap of functional blocks?
warning: overlap of functional blocks?
warning: overlap of functional blocks?
warning: overlap of functional blocks?
warning: overlap of functional blocks?
warning: overlap of functional blocks?
warning: overlap of functional blocks?
warning: overlap of functional blocks?
warning: overlap of functional blocks?
warning: overlap of functional blocks?
warning: overlap of functional blocks?
warning: overlap of functional blocks?
warning: overlap of functional blocks?
warning: overlap of functional blocks?
warning: overlap of functional blocks?
warning: overlap of functional blocks?
warning: overlap of functional blocks?
warning: overlap of functional blocks?
warning: overlap of functional blocks?
warning: overlap of functional blocks?
warning: overlap of functional blocks?
warning: overlap of functional blocks?
warning: overlap of functional blocks?
warning: overlap of functional blocks?
warning: overlap of functional blocks?
warning: overlap of functional blocks?
warning: overlap of functional blocks?
warning: overlap of functional blocks?
warning: overlap of functional blocks?
warning: overlap of functional blocks?
warning: overlap of functional blocks?
warning: overlap of functional blocks?
warning: overlap of functional blocks?
warning: overlap of functional blocks?
warning: overlap of functional blocks?
warning: overlap of functional blocks?
warning: overlap of functional blocks?
warning: overlap of functional blocks?
warning: overlap of functional blocks?
warning: overlap of functional blocks?
warning: overlap of functional blocks?
warning: overlap of functional blocks?
warning: overlap of functional blocks?
warning: overlap of functional blocks?
warning: overlap of functional blocks?
warning: overlap of functional blocks?
warning: overlap of functional blocks?
warning: overlap of functional blocks?
warning: overlap of functional blocks?
warning: overlap of functional blocks?
warning: overlap of functional blocks?
warning: overlap of functional blocks?
warning: overlap of functional blocks?
warning: overlap of functional blocks?
warning: overlap of functional blocks?
warning: overlap of functional blocks?
warning: overlap of functional blocks?
warning: overlap of functional blocks?
warning: overlap of functional blocks?
warning: overlap of functional blocks?
warning: overlap of functional blocks?
warning: overlap of functional blocks?
warning: overlap of functional blocks?
warning: overlap of functional blocks?
warning: overlap of functional blocks?
warning: overlap of functional blocks?
warning: overlap of functional blocks?
warning: overlap of functional blocks?
warning: overlap of functional blocks?
warning: overlap of functional blocks?
warning: overlap of functional blocks?
warning: overlap of functional blocks?
warning: overlap of functional blocks?
warning: overlap of functional blocks?
warning: overlap of functional blocks?
warning: overlap of functional blocks?
warning: overlap of functional blocks?
warning: overlap of functional blocks?
warning: overlap of functional blocks?
warning: overlap of functional blocks?
warning: overlap of functional blocks?
warning: overlap of functional blocks?
warning: overlap of functional blocks?
warning: overlap of functional blocks?
warning: overlap of functional blocks?
warning: overlap of functional blocks?
warning: overlap of functional blocks?
warning: overlap of functional blocks?
warning: overlap of functional blocks?
warning: overlap of functional blocks?
warning: overlap of functional blocks?
warning: overlap of functional blocks?
warning: overlap of functional blocks?
warning: overlap of functional blocks?
warning: overlap of functional blocks?
warning: overlap of functional blocks?
warning: overlap of functional blocks?
warning: overlap of functional blocks?
warning: overlap of functional blocks?
warning: overlap of functional blocks?
warning: overlap of functional blocks?
warning: overlap of functional blocks?
warning: overlap of functional blocks?
warning: overlap of functional blocks?
Parsing input files...
Creating thermal circuit...
Computing temperatures for t = 0.000000e+00...
Computing temperatures for t = 1.000000e-02...
Computing temperatures for t = 2.000000e-02...
Computing temperatures for t = 3.000000e-02...
Computing temperatures for t = 4.000000e-02...
Computing temperatures for t = 5.000000e-02...
Computing temperatures for t = 6.000000e-02...
Computing temperatures for t = 7.000000e-02...
Computing temperatures for t = 8.000000e-02...
Computing temperatures for t = 9.000000e-02...
Computing temperatures for t = 1.000000e-01...
Computing temperatures for t = 1.100000e-01...
Computing temperatures for t = 1.200000e-01...
Computing temperatures for t = 1.300000e-01...
Computing temperatures for t = 1.400000e-01...
Computing temperatures for t = 1.500000e-01...
Computing temperatures for t = 1.600000e-01...
Computing temperatures for t = 1.700000e-01...
Computing temperatures for t = 1.800000e-01...
Computing temperatures for t = 1.900000e-01...
Computing temperatures for t = 2.000000e-01...
Computing temperatures for t = 2.100000e-01...
Computing temperatures for t = 2.200000e-01...
Computing temperatures for t = 2.300000e-01...
Computing temperatures for t = 2.400000e-01...
Computing temperatures for t = 2.500000e-01...
Computing temperatures for t = 2.600000e-01...
Computing temperatures for t = 2.700000e-01...
Computing temperatures for t = 2.800000e-01...
Computing temperatures for t = 2.900000e-01...
Computing temperatures for t = 3.000000e-01...
Computing temperatures for t = 3.100000e-01...
Computing temperatures for t = 3.200000e-01...
Computing temperatures for t = 3.300000e-01...
Computing temperatures for t = 3.400000e-01...
Computing temperatures for t = 3.500000e-01...
Computing temperatures for t = 3.600000e-01...
Computing temperatures for t = 3.700000e-01...
Computing temperatures for t = 3.800000e-01...
Computing temperatures for t = 3.900000e-01...
Computing temperatures for t = 4.000000e-01...
Computing temperatures for t = 4.100000e-01...
Computing temperatures for t = 4.200000e-01...
Computing temperatures for t = 4.300000e-01...
Computing temperatures for t = 4.400000e-01...
Computing temperatures for t = 4.500000e-01...
Computing temperatures for t = 4.600000e-01...
Computing temperatures for t = 4.700000e-01...
Computing temperatures for t = 4.800000e-01...
Computing temperatures for t = 4.900000e-01...
Computing temperatures for t = 5.000000e-01...
Computing temperatures for t = 5.100000e-01...
Computing temperatures for t = 5.200000e-01...
Computing temperatures for t = 5.300000e-01...
Computing temperatures for t = 5.400000e-01...
Computing temperatures for t = 5.500000e-01...
Computing temperatures for t = 5.600000e-01...
Computing temperatures for t = 5.700000e-01...
Computing temperatures for t = 5.800000e-01...
Computing temperatures for t = 5.900000e-01...
Computing temperatures for t = 6.000000e-01...
Computing temperatures for t = 6.100000e-01...
Computing temperatures for t = 6.200000e-01...
Computing temperatures for t = 6.300000e-01...
Computing temperatures for t = 6.400000e-01...
Computing temperatures for t = 6.500000e-01...
Computing temperatures for t = 6.600000e-01...
Computing temperatures for t = 6.700000e-01...
Computing temperatures for t = 6.800000e-01...
Computing temperatures for t = 6.900000e-01...
Computing temperatures for t = 7.000000e-01...
Computing temperatures for t = 7.100000e-01...
Computing temperatures for t = 7.200000e-01...
Computing temperatures for t = 7.300000e-01...
Computing temperatures for t = 7.400000e-01...
Computing temperatures for t = 7.500000e-01...
Computing temperatures for t = 7.600000e-01...
Computing temperatures for t = 7.700000e-01...
Computing temperatures for t = 7.800000e-01...
Computing temperatures for t = 7.900000e-01...
Computing temperatures for t = 8.000000e-01...
Computing temperatures for t = 8.100000e-01...
Computing temperatures for t = 8.200000e-01...
Computing temperatures for t = 8.300000e-01...
Computing temperatures for t = 8.400000e-01...
Computing temperatures for t = 8.500000e-01...
ComComputing steady-state temperatures...
puting temperatures for t = 8.600000e-01...
Computing temperatures for t = 8.700000e-01...
Computing temperatures for t = 8.800000e-01...
Computing temperatures for t = 8.900000e-01...
Computing temperatures for t = 9.000000e-01...
Computing temperatures for t = 9.100000e-01...
Computing temperatures for t = 9.200000e-01...
Computing temperatures for t = 9.300000e-01...
Computing temperatures for t = 9.400000e-01...
Computing temperatures for t = 9.500000e-01...
Computing temperatures for t = 9.600000e-01...
Computing temperatures for t = 9.700000e-01...
Computing temperatures for t = 9.800000e-01...
Simulation complete.
QStandardPaths: XDG_RUNTIME_DIR not set, defaulting to '/tmp/runtime-root'
warning: overlap of functional blocks?
warning: overlap of functional blocks?
warning: overlap of functional blocks?
warning: overlap of functional blocks?
warning: overlap of functional blocks?
warning: overlap of functional blocks?
warning: overlap of functional blocks?
warning: overlap of functional blocks?
warning: overlap of functional blocks?
warning: overlap of functional blocks?
warning: overlap of functional blocks?
warning: overlap of functional blocks?
warning: overlap of functional blocks?
warning: overlap of functional blocks?
warning: overlap of functional blocks?
warning: overlap of functional blocks?
warning: overlap of functional blocks?
warning: overlap of functional blocks?
warning: overlap of functional blocks?
warning: overlap of functional blocks?
warning: overlap of functional blocks?
warning: overlap of functional blocks?
warning: overlap of functional blocks?
warning: overlap of functional blocks?
warning: overlap of functional blocks?
warning: overlap of functional blocks?
warning: overlap of functional blocks?
warning: overlap of functional blocks?
warning: overlap of functional blocks?
warning: overlap of functional blocks?
warning: overlap of functional blocks?
warning: overlap of functional blocks?
warning: overlap of functional blocks?
warning: overlap of functional blocks?
warning: overlap of functional blocks?
warning: overlap of functional blocks?
warning: overlap of functional blocks?
warning: overlap of functional blocks?
warning: overlap of functional blocks?
warning: overlap of functional blocks?
warning: overlap of functional blocks?
warning: overlap of functional blocks?
warning: overlap of functional blocks?
warning: overlap of functional blocks?
warning: overlap of functional blocks?
warning: overlap of functional blocks?
warning: overlap of functional blocks?
warning: overlap of functional blocks?
warning: overlap of functional blocks?
warning: overlap of functional blocks?
warning: overlap of functional blocks?
warning: overlap of functional blocks?
warning: overlap of functional blocks?
warning: overlap of functional blocks?
warning: overlap of functional blocks?
warning: overlap of functional blocks?
warning: overlap of functional blocks?
warning: overlap of functional blocks?
warning: overlap of functional blocks?
warning: overlap of functional blocks?
warning: overlap of functional blocks?
warning: overlap of functional blocks?
warning: overlap of functional blocks?
warning: overlap of functional blocks?
warning: overlap of functional blocks?
warning: overlap of functional blocks?
warning: overlap of functional blocks?
warning: overlap of functional blocks?
warning: overlap of functional blocks?
warning: overlap of functional blocks?
warning: overlap of functional blocks?
warning: overlap of functional blocks?
warning: overlap of functional blocks?
warning: overlap of functional blocks?
warning: overlap of functional blocks?
warning: overlap of functional blocks?
warning: overlap of functional blocks?
warning: overlap of functional blocks?
warning: overlap of functional blocks?
warning: overlap of functional blocks?
warning: overlap of functional blocks?
warning: overlap of functional blocks?
warning: overlap of functional blocks?
warning: overlap of functional blocks?
warning: overlap of functional blocks?
warning: overlap of functional blocks?
warning: overlap of functional blocks?
warning: overlap of functional blocks?
warning: overlap of functional blocks?
warning: overlap of functional blocks?
warning: overlap of functional blocks?
warning: overlap of functional blocks?
warning: overlap of functional blocks?
warning: overlap of functional blocks?
warning: overlap of functional blocks?
warning: overlap of functional blocks?
warning: overlap of functional blocks?
warning: overlap of functional blocks?
warning: overlap of functional blocks?
warning: overlap of functional blocks?
warning: overlap of functional blocks?
warning: overlap of functional blocks?
warning: overlap of functional blocks?
warning: overlap of functional blocks?
warning: overlap of functional blocks?
warning: overlap of functional blocks?
warning: overlap of functional blocks?
warning: overlap of functional blocks?
warning: overlap of functional blocks?
warning: overlap of functional blocks?
warning: overlap of functional blocks?
warning: overlap of functional blocks?
warning: overlap of functional blocks?
warning: overlap of functional blocks?
warning: overlap of functional blocks?
warning: overlap of functional blocks?
warning: overlap of functional blocks?
warning: overlap of functional blocks?
warning: overlap of functional blocks?
warning: overlap of functional blocks?
warning: overlap of functional blocks?
warning: overlap of functional blocks?
warning: overlap of functional blocks?
warning: overlap of functional blocks?
warning: overlap of functional blocks?
warning: overlap of functional blocks?
warning: overlap of functional blocks?
warning: overlap of functional blocks?
warning: overlap of functional blocks?
warning: overlap of functional blocks?
warning: overlap of functional blocks?
warning: overlap of functional blocks?
warning: overlap of functional blocks?
warning: overlap of functional blocks?
warning: overlap of functional blocks?
warning: overlap of functional blocks?
warning: overlap of functional blocks?
warning: overlap of functional blocks?
warning: overlap of functional blocks?
warning: overlap of functional blocks?
warning: overlap of functional blocks?
warning: overlap of functional blocks?
warning: overlap of functional blocks?
warning: overlap of functional blocks?
warning: overlap of functional blocks?
warning: overlap of functional blocks?
warning: overlap of functional blocks?
warning: overlap of functional blocks?
warning: overlap of functional blocks?
warning: overlap of functional blocks?
warning: overlap of functional blocks?
warning: overlap of functional blocks?
warning: overlap of functional blocks?
warning: overlap of functional blocks?
warning: overlap of functional blocks?
warning: overlap of functional blocks?
warning: overlap of functional blocks?
warning: overlap of functional blocks?
warning: overlap of functional blocks?
warning: overlap of functional blocks?
warning: overlap of functional blocks?
warning: overlap of functional blocks?
warning: overlap of functional blocks?
warning: overlap of functional blocks?
warning: overlap of functional blocks?
warning: overlap of functional blocks?
warning: overlap of functional blocks?
warning: overlap of functional blocks?
warning: overlap of functional blocks?
warning: overlap of functional blocks?
warning: overlap of functional blocks?
warning: overlap of functional blocks?
warning: overlap of functional blocks?
warning: overlap of functional blocks?
warning: overlap of functional blocks?
warning: overlap of functional blocks?
warning: overlap of functional blocks?
warning: overlap of functional blocks?
warning: overlap of functional blocks?
warning: overlap of functional blocks?
warning: overlap of functional blocks?
warning: overlap of functional blocks?
warning: overlap of functional blocks?
warning: overlap of functional blocks?
warning: overlap of functional blocks?
warning: overlap of functional blocks?
warning: overlap of functional blocks?
warning: overlap of functional blocks?
Computing steady-state temperatures...
Parsing input files...
Creating thermal circuit...
Simulation complete.
warning: overlap of functional blocks?
warning: overlap of functional blocks?
warning: overlap of functional blocks?
warning: overlap of functional blocks?
warning: overlap of functional blocks?
warning: overlap of functional blocks?
warning: overlap of functional blocks?
warning: overlap of functional blocks?
warning: overlap of functional blocks?
warning: overlap of functional blocks?
warning: overlap of functional blocks?
warning: overlap of functional blocks?
warning: overlap of functional blocks?
warning: overlap of functional blocks?
warning: overlap of functional blocks?
warning: overlap of functional blocks?
warning: overlap of functional blocks?
warning: overlap of functional blocks?
warning: overlap of functional blocks?
warning: overlap of functional blocks?
warning: overlap of functional blocks?
warning: overlap of functional blocks?
warning: overlap of functional blocks?
warning: overlap of functional blocks?
warning: overlap of functional blocks?
warning: overlap of functional blocks?
warning: overlap of functional blocks?
warning: overlap of functional blocks?
warning: overlap of functional blocks?
warning: overlap of functional blocks?
warning: overlap of functional blocks?
warning: overlap of functional blocks?
warning: overlap of functional blocks?
warning: overlap of functional blocks?
warning: overlap of functional blocks?
warning: overlap of functional blocks?
warning: overlap of functional blocks?
warning: overlap of functional blocks?
warning: overlap of functional blocks?
warning: overlap of functional blocks?
warning: overlap of functional blocks?
warning: overlap of functional blocks?
warning: overlap of functional blocks?
warning: overlap of functional blocks?
warning: overlap of functional blocks?
warning: overlap of functional blocks?
warning: overlap of functional blocks?
warning: overlap of functional blocks?
warning: overlap of functional blocks?
warning: overlap of functional blocks?
warning: overlap of functional blocks?
warning: overlap of functional blocks?
warning: overlap of functional blocks?
warning: overlap of functional blocks?
warning: overlap of functional blocks?
warning: overlap of functional blocks?
warning: overlap of functional blocks?
warning: overlap of functional blocks?
warning: overlap of functional blocks?
warning: overlap of functional blocks?
warning: overlap of functional blocks?
warning: overlap of functional blocks?
warning: overlap of functional blocks?
warning: overlap of functional blocks?
warning: overlap of functional blocks?
warning: overlap of functional blocks?
warning: overlap of functional blocks?
warning: overlap of functional blocks?
warning: overlap of functional blocks?
warning: overlap of functional blocks?
warning: overlap of functional blocks?
warning: overlap of functional blocks?
warning: overlap of functional blocks?
warning: overlap of functional blocks?
warning: overlap of functional blocks?
warning: overlap of functional blocks?
warning: overlap of functional blocks?
warning: overlap of functional blocks?
warning: overlap of functional blocks?
warning: overlap of functional blocks?
warning: overlap of functional blocks?
warning: overlap of functional blocks?
warning: overlap of functional blocks?
warning: overlap of functional blocks?
warning: overlap of functional blocks?
warning: overlap of functional blocks?
warning: overlap of functional blocks?
warning: overlap of functional blocks?
warning: overlap of functional blocks?
warning: overlap of functional blocks?
warning: overlap of functional blocks?
warning: overlap of functional blocks?
warning: overlap of functional blocks?
warning: overlap of functional blocks?
warning: overlap of functional blocks?
warning: overlap of functional blocks?
warning: overlap of functional blocks?
warning: overlap of functional blocks?
warning: overlap of functional blocks?
warning: overlap of functional blocks?
warning: overlap of functional blocks?
warning: overlap of functional blocks?
warning: overlap of functional blocks?
warning: overlap of functional blocks?
warning: overlap of functional blocks?
warning: overlap of functional blocks?
warning: overlap of functional blocks?
warning: overlap of functional blocks?
warning: overlap of functional blocks?
warning: overlap of functional blocks?
warning: overlap of functional blocks?
warning: overlap of functional blocks?
warning: overlap of functional blocks?
warning: overlap of functional blocks?
warning: overlap of functional blocks?
warning: overlap of functional blocks?
warning: overlap of functional blocks?
warning: overlap of functional blocks?
warning: overlap of functional blocks?
warning: overlap of functional blocks?
warning: overlap of functional blocks?
warning: overlap of functional blocks?
warning: overlap of functional blocks?
warning: overlap of functional blocks?
warning: overlap of functional blocks?
warning: overlap of functional blocks?
warning: overlap of functional blocks?
warning: overlap of functional blocks?
warning: overlap of functional blocks?
warning: overlap of functional blocks?
warning: overlap of functional blocks?
warning: overlap of functional blocks?
warning: overlap of functional blocks?
warning: overlap of functional blocks?
warning: overlap of functional blocks?
warning: overlap of functional blocks?
warning: overlap of functional blocks?
warning: overlap of functional blocks?
warning: overlap of functional blocks?
warning: overlap of functional blocks?
warning: overlap of functional blocks?
warning: overlap of functional blocks?
warning: overlap of functional blocks?
warning: overlap of functional blocks?
warning: overlap of functional blocks?
warning: overlap of functional blocks?
warning: overlap of functional blocks?
warning: overlap of functional blocks?
warning: overlap of functional blocks?
warning: overlap of functional blocks?
warning: overlap of functional blocks?
warning: overlap of functional blocks?
warning: overlap of functional blocks?
warning: overlap of functional blocks?
warning: overlap of functional blocks?
warning: overlap of functional blocks?
warning: overlap of functional blocks?
warning: overlap of functional blocks?
warning: overlap of functional blocks?
warning: overlap of functional blocks?
warning: overlap of functional blocks?
warning: overlap of functional blocks?
warning: overlap of functional blocks?
warning: overlap of functional blocks?
warning: overlap of functional blocks?
warning: overlap of functional blocks?
warning: overlap of functional blocks?
warning: overlap of functional blocks?
warning: overlap of functional blocks?
warning: overlap of functional blocks?
warning: overlap of functional blocks?
warning: overlap of functional blocks?
warning: overlap of functional blocks?
warning: overlap of functional blocks?
warning: overlap of functional blocks?
warning: overlap of functional blocks?
warning: overlap of functional blocks?
warning: overlap of functional blocks?
warning: overlap of functional blocks?
warning: overlap of functional blocks?
warning: overlap of functional blocks?
warning: overlap of functional blocks?
warning: overlap of functional blocks?
warning: overlap of functional blocks?
warning: overlap of functional blocks?
warning: overlap of functional blocks?
warning: overlap of functional blocks?
warning: overlap of functional blocks?
Parsing input files...
Creating thermal circuit...
Computing temperatures for t = 0.000000e+00...
Computing temperatures for t = 1.000000e-02...
Computing temperatures for t = 2.000000e-02...
Computing temperatures for t = 3.000000e-02...
Computing temperatures for t = 4.000000e-02...
Computing temperatures for t = 5.000000e-02...
Computing temperatures for t = 6.000000e-02...
Computing temperatures for t = 7.000000e-02...
Computing temperatures for t = 8.000000e-02...
Computing temperatures for t = 9.000000e-02...
Computing temperatures for t = 1.000000e-01...
Computing temperatures for t = 1.100000e-01...
Computing temperatures for t = 1.200000e-01...
Computing temperatures for t = 1.300000e-01...
Computing temperatures for t = 1.400000e-01...
Computing temperatures for t = 1.500000e-01...
Computing temperatures for t = 1.600000e-01...
Computing temperatures for t = 1.700000e-01...
Computing temperatures for t = 1.800000e-01...
Computing temperatures for t = 1.900000e-01...
Computing temperatures for t = 2.000000e-01...
Computing temperatures for t = 2.100000e-01...
Computing temperatures for t = 2.200000e-01...
Computing temperatures for t = 2.300000e-01...
Computing temperatures for t = 2.400000e-01...
Computing temperatures for t = 2.500000e-01...
Computing temperatures for t = 2.600000e-01...
Computing temperatures for t = 2.700000e-01...
Computing temperatures for t = 2.800000e-01...
Computing temperatures for t = 2.900000e-01...
Computing temperatures for t = 3.000000e-01...
Computing temperatures for t = 3.100000e-01...
Computing temperatures for t = 3.200000e-01...
Computing temperatures for t = 3.300000e-01...
Computing temperatures for t = 3.400000e-01...
Computing temperatures for t = 3.500000e-01...
Computing temperatures for t = 3.600000e-01...
Computing temperatures for t = 3.700000e-01...
Computing temperatures for t = 3.800000e-01...
Computing temperatures for t = 3.900000e-01...
Computing temperatures for t = 4.000000e-01...
Computing temperatures for t = 4.100000e-01...
Computing temperatures for t = 4.200000e-01...
Computing temperatures for t = 4.300000e-01...
Computing temperatures for t = 4.400000e-01...
Computing temperatures for t = 4.500000e-01...
Computing temperatures for t = 4.600000e-01...
Computing temperatures for t = 4.700000e-01...
Computing temperatures for t = 4.800000e-01...
Computing temperatures for t = 4.900000e-01...
Computing temperatures for t = 5.000000e-01...
Computing temperatures for t = 5.100000e-01...
Computing temperatures for t = 5.200000e-01...
Computing temperatures for t = 5.300000e-01...
Computing temperatures for t = 5.400000e-01...
Computing temperatures for t = 5.500000e-01...
Computing temperatures for t = 5.600000e-01...
Computing temperatures for t = 5.700000e-01...
Computing temperatures for t = 5.800000e-01...
Computing temperatures for t = 5.900000e-01...
Computing temperatures for t = 6.000000e-01...
Computing temperatures for t = 6.100000e-01...
Computing temperatures for t = 6.200000e-01...
Computing temperatures for t = 6.300000e-01...
Computing temperatures for t = 6.400000e-01...
Computing temperatures for t = 6.500000e-01...
Computing temperatures for t = 6.600000e-01...
Computing temperatures for t = 6.700000e-01...
Computing temperatures for t = 6.800000e-01...
Computing temperatures for t = 6.900000e-01...
Computing temperatures for t = 7.000000e-01...
Computing temperatures for t = 7.100000e-01...
Computing temperatures for t = 7.200000e-01...
Computing temperatures for t = 7.300000e-01...
Computing temperatures for t = 7.400000e-01...
Computing temperatures for t = 7.500000e-01...
Computing temperatures for t = 7.600000e-01...
Computing temperatures for t = 7.700000e-01...
Computing temperatures for t = 7.800000e-01...
Computing temperatures for t = 7.900000e-01...
Computing temperatures for t = 8.000000e-01...
Computing temperatures for t = 8.100000e-01...
Computing temperatures for t = 8.200000e-01...
Computing temperatures for t = 8.300000e-01...
Computing temperatures for t = 8.400000e-01...
Computing temperatures for t = 8.500000e-01...
ComComputing steady-state temperatures...
puting temperatures for t = 8.600000e-01...
Computing temperatures for t = 8.700000e-01...
Computing temperatures for t = 8.800000e-01...
Computing temperatures for t = 8.900000e-01...
Computing temperatures for t = 9.000000e-01...
Computing temperatures for t = 9.100000e-01...
Computing temperatures for t = 9.200000e-01...
Computing temperatures for t = 9.300000e-01...
Computing temperatures for t = 9.400000e-01...
Computing temperatures for t = 9.500000e-01...
Computing temperatures for t = 9.600000e-01...
Computing temperatures for t = 9.700000e-01...
Computing temperatures for t = 9.800000e-01...
Simulation complete.
QStandardPaths: XDG_RUNTIME_DIR not set, defaulting to '/tmp/runtime-root'
布局文件 ev6.flp 中所有单元无重叠，布局合法！
运行初始仿真...
初始温度: 321.88 K

开始优化，共 2 次迭代...

迭代 1/2:
运行热仿真...
温度: 322.68 K, 耗时: 577.2秒, 状态: 接受

迭代 2/2:
运行热仿真...
温度: 322.70 K, 耗时: 577.6秒, 状态: 接受

生成优化报告...

==================================================
优化完成! 最佳温度: 321.88 K
最佳布局保存至: results_20250827_033243/best_layout.flp
完整结果保存至: results_20250827_033243
HTML报告: results_20250827_033243/report.html
==================================================
